  Building Custom Rule D:/graph/assimp-3.3.1/code/CMakeLists.txt
  Assimp.cpp
  BaseImporter.cpp
  BaseProcess.cpp
  PostStepRegistry.cpp
  ImporterRegistry.cpp
  DefaultIOStream.cpp
  DefaultIOSystem.cpp
  Importer.cpp
  SGSpatialSort.cpp
  VertexTriangleAdjacency.cpp
  SpatialSort.cpp
D:\graph\assimp-3.3.1\code\SpatialSort.cpp(1,1): warning C4819: 该文件包含不能在当前代码页(936)中表示的字符。请将该文件保存为 Unicode 格式以防止数据丢失
D:\graph\assimp-3.3.1\code\Importer.cpp(656,42): warning C4267: “=”: 从“size_t”转换到“uint32_t”，可能丢失数据
D:\graph\assimp-3.3.1\code\Importer.cpp(792,91): warning C4267: “参数”: 从“size_t”转换到“int”，可能丢失数据
D:\graph\assimp-3.3.1\code\Importer.cpp(827,120): warning C4267: “参数”: 从“size_t”转换到“int”，可能丢失数据
D:\graph\assimp-3.3.1\code\irrXMLWrapper.h(95,1): warning C4267: “初始化”: 从“size_t”转换到“unsigned int”，可能丢失数据 (编译源文件 D:\graph\assimp-3.3.1\code\ImporterRegistry.cpp)
D:\graph\assimp-3.3.1\code\irrXMLWrapper.h(120,1): warning C4267: “=”: 从“size_t”转换到“int”，可能丢失数据 (编译源文件 D:\graph\assimp-3.3.1\code\ImporterRegistry.cpp)
  SceneCombiner.cpp
  ScenePreprocessor.cpp
D:\graph\assimp-3.3.1\code\SpatialSort.cpp(111,63): warning C4267: “参数”: 从“size_t”转换到“unsigned int”，可能丢失数据
  SkeletonMeshBuilder.cpp
  SplitByBoneCountProcess.cpp
  StandardShapes.cpp
  TargetAnimation.cpp
D:\graph\assimp-3.3.1\code\SkeletonMeshBuilder.cpp(88,59): warning C4267: “初始化”: 从“size_t”转换到“unsigned int”，可能丢失数据
D:\graph\assimp-3.3.1\code\SkeletonMeshBuilder.cpp(88,59): warning C4267: “初始化”: 从“size_t”转换到“const unsigned int”，可能丢失数据
D:\graph\assimp-3.3.1\code\SkeletonMeshBuilder.cpp(111,61): warning C4267: “初始化”: 从“size_t”转换到“unsigned int”，可能丢失数据
D:\graph\assimp-3.3.1\code\SkeletonMeshBuilder.cpp(173,67): warning C4267: “初始化”: 从“size_t”转换到“unsigned int”，可能丢失数据
D:\graph\assimp-3.3.1\code\SkeletonMeshBuilder.cpp(211,42): warning C4267: “=”: 从“size_t”转换到“unsigned int”，可能丢失数据
D:\graph\assimp-3.3.1\code\SkeletonMeshBuilder.cpp(218,36): warning C4267: “=”: 从“size_t”转换到“unsigned int”，可能丢失数据
D:\graph\assimp-3.3.1\code\SkeletonMeshBuilder.cpp(243,36): warning C4267: “=”: 从“size_t”转换到“unsigned int”，可能丢失数据
  RemoveComments.cpp
D:\graph\assimp-3.3.1\code\TargetAnimation.cpp(103,81): warning C4267: “参数”: 从“size_t”转换到“const _Ty”，可能丢失数据
          with
          [
              _Ty=unsigned int
          ]
D:\graph\assimp-3.3.1\code\TargetAnimation.cpp(104,93): warning C4267: “参数”: 从“size_t”转换到“const _Ty”，可能丢失数据
          with
          [
              _Ty=unsigned int
          ]
D:\graph\assimp-3.3.1\code\SceneCombiner.cpp(93,73): warning C4267: “参数”: 从“size_t”转换到“uint32_t”，可能丢失数据
D:\graph\assimp-3.3.1\code\SceneCombiner.cpp(117,67): warning C4267: “参数”: 从“size_t”转换到“uint32_t”，可能丢失数据
D:\graph\assimp-3.3.1\code\SceneCombiner.cpp(135,80): warning C4267: “参数”: 从“size_t”转换到“uint32_t”，可能丢失数据
D:\graph\assimp-3.3.1\code\SceneCombiner.cpp(326,91): warning C4267: “参数”: 从“size_t”转换到“uint32_t”，可能丢失数据
D:\graph\assimp-3.3.1\code\SceneCombiner.cpp(488,5): warning C4267: “初始化”: 从“size_t”转换到“int”，可能丢失数据
  Subdivision.cpp
  Bitmap.cpp
  Version.cpp
  DefaultLogger.cpp
  Exporter.cpp
  AssimpCExport.cpp
  CalcTangentsProcess.cpp
  ComputeUVMappingProcess.cpp
D:\graph\assimp-3.3.1\code\Subdivision.cpp(194,27): warning C4267: “参数”: 从“size_t”转换到“const _Ty”，可能丢失数据
          with
          [
              _Ty=unsigned int
          ]
  ConvertToLHProcess.cpp
  FindDegenerates.cpp
  FindInstancesProcess.cpp
  FindInvalidDataProcess.cpp
  FixNormalsStep.cpp
  GenFaceNormalsProcess.cpp
  GenVertexNormalsProcess.cpp
  PretransformVertices.cpp
  ImproveCacheLocality.cpp
  JoinVerticesProcess.cpp
  LimitBoneWeightsProcess.cpp
  RemoveRedundantMaterials.cpp
  RemoveVCProcess.cpp
  SortByPTypeProcess.cpp
D:\graph\assimp-3.3.1\code\PretransformVertices.cpp(400,58): warning C4267: “=”: 从“size_t”转换到“unsigned int”，可能丢失数据
D:\graph\assimp-3.3.1\code\PretransformVertices.cpp(486,55): warning C4267: “+=”: 从“size_t”转换到“unsigned int”，可能丢失数据
  SplitLargeMeshes.cpp
D:\graph\assimp-3.3.1\code\LimitBoneWeightsProcess.cpp(132,37): warning C4267: “初始化”: 从“size_t”转换到“unsigned int”，可能丢失数据
D:\graph\assimp-3.3.1\code\LimitBoneWeightsProcess.cpp(134,33): warning C4267: “+=”: 从“size_t”转换到“unsigned int”，可能丢失数据
  TextureTransform.cpp
  TriangulateProcess.cpp
  ValidateDataStructure.cpp
  OptimizeGraph.cpp
  OptimizeMeshes.cpp
  DeboneProcess.cpp
  ProcessHelper.cpp
  MakeVerboseFormat.cpp
D:\graph\assimp-3.3.1\code\OptimizeGraph.cpp(233,42): warning C4267: “=”: 从“size_t”转换到“unsigned int”，可能丢失数据
D:\graph\assimp-3.3.1\code\OptimizeGraph.cpp(241,36): warning C4267: “+=”: 从“size_t”转换到“unsigned int”，可能丢失数据
D:\graph\assimp-3.3.1\code\OptimizeMeshes.cpp(148,39): warning C4267: “=”: 从“size_t”转换到“unsigned int”，可能丢失数据
D:\graph\assimp-3.3.1\code\OptimizeMeshes.cpp(202,33): warning C4267: “=”: 从“size_t”转换到“unsigned int”，可能丢失数据
D:\graph\assimp-3.3.1\code\DeboneProcess.cpp(165,43): warning C4267: “=”: 从“size_t”转换到“unsigned int”，可能丢失数据
D:\graph\assimp-3.3.1\code\DeboneProcess.cpp(385,67): warning C4267: “初始化”: 从“size_t”转换到“unsigned int”，可能丢失数据
D:\graph\assimp-3.3.1\code\DeboneProcess.cpp(393,51): warning C4267: “初始化”: 从“size_t”转换到“unsigned int”，可能丢失数据
D:\graph\assimp-3.3.1\code\DeboneProcess.cpp(407,51): warning C4267: “初始化”: 从“size_t”转换到“unsigned int”，可能丢失数据
D:\graph\assimp-3.3.1\code\DeboneProcess.cpp(420,43): warning C4267: “=”: 从“size_t”转换到“unsigned int”，可能丢失数据
  MaterialSystem.cpp
  StepExporter.cpp
D:\graph\assimp-3.3.1\code\ProcessHelper.cpp(311,52): warning C4267: “=”: 从“size_t”转换到“_Ty”，可能丢失数据
          with
          [
              _Ty=unsigned int
          ]
D:\graph\assimp-3.3.1\code\ProcessHelper.cpp(323,43): warning C4267: “=”: 从“size_t”转换到“unsigned int”，可能丢失数据
D:\graph\assimp-3.3.1\code\ProcessHelper.cpp(324,38): warning C4267: “=”: 从“size_t”转换到“unsigned int”，可能丢失数据
D:\graph\assimp-3.3.1\code\ProcessHelper.cpp(335,51): warning C4267: “参数”: 从“size_t”转换到“unsigned int”，可能丢失数据
D:\graph\assimp-3.3.1\code\ProcessHelper.cpp(340,49): warning C4267: “参数”: 从“size_t”转换到“unsigned int”，可能丢失数据
  3DSConverter.cpp
C:\Program Files (x86)\Microsoft Visual Studio\2019\Community\VC\Tools\MSVC\14.28.29333\include\utility(190,1): warning C4267: “初始化”: 从“size_t”转换到“_Ty1”，可能丢失数据
          with
          [
              _Ty1=unsigned int
          ] (编译源文件 D:\graph\assimp-3.3.1\code\DeboneProcess.cpp)
D:\graph\assimp-3.3.1\code\DeboneProcess.cpp(140): message : 查看对正在编译的函数 模板 实例化“std::pair<unsigned int,aiNode *>::pair<unsigned __int64,aiNode*&,0>(_Other1 &&,_Other2) noexcept”的引用
          with
          [
              _Other1=unsigned __int64,
              _Other2=aiNode *&
          ]
D:\graph\assimp-3.3.1\code\DeboneProcess.cpp(140): message : 查看对正在编译的函数 模板 实例化“std::pair<unsigned int,aiNode *>::pair<unsigned __int64,aiNode*&,0>(_Other1 &&,_Other2) noexcept”的引用
          with
          [
              _Other1=unsigned __int64,
              _Other2=aiNode *&
          ]
  3DSLoader.cpp
  3DSExporter.cpp
  ACLoader.cpp
  ASELoader.cpp
  ASEParser.cpp
D:\graph\assimp-3.3.1\code\MaterialSystem.cpp(521,25): warning C4267: “参数”: 从“size_t”转换到“unsigned int”，可能丢失数据
D:\graph\assimp-3.3.1\code\MaterialSystem.cpp(529,21): warning C4267: “参数”: 从“size_t”转换到“unsigned int”，可能丢失数据
D:\graph\assimp-3.3.1\code\3DSConverter.cpp(693,53): warning C4267: “初始化”: 从“size_t”转换到“unsigned int”，可能丢失数据
D:\graph\assimp-3.3.1\code\3DSConverter.cpp(693,53): warning C4267: “初始化”: 从“size_t”转换到“const unsigned int”，可能丢失数据
D:\graph\assimp-3.3.1\code\3DSConverter.cpp(745,61): warning C4267: “=”: 从“size_t”转换到“unsigned int”，可能丢失数据
  AssbinExporter.cpp
D:\graph\assimp-3.3.1\code\3DSExporter.cpp(88,1): warning C4267: “参数”: 从“size_t”转换到“uint32_t”，可能丢失数据
  AssbinLoader.cpp
D:\graph\assimp-3.3.1\code\AssbinExporter.cpp(740,1): warning C4267: “初始化”: 从“size_t”转换到“uLongf”，可能丢失数据
  AssxmlExporter.cpp
D:\graph\assimp-3.3.1\code\AssbinLoader.cpp(662,68): warning C4267: “初始化”: 从“size_t”转换到“uLongf”，可能丢失数据
  B3DImporter.cpp
  BVHLoader.cpp
  ColladaLoader.cpp
  ColladaParser.cpp
  ColladaExporter.cpp
  DXFLoader.cpp
D:\graph\assimp-3.3.1\code\irrXMLWrapper.h(95,1): warning C4267: “初始化”: 从“size_t”转换到“unsigned int”，可能丢失数据 (编译源文件 D:\graph\assimp-3.3.1\code\ColladaLoader.cpp)
D:\graph\assimp-3.3.1\code\irrXMLWrapper.h(120,1): warning C4267: “=”: 从“size_t”转换到“int”，可能丢失数据 (编译源文件 D:\graph\assimp-3.3.1\code\ColladaLoader.cpp)
  CSMLoader.cpp
D:\graph\assimp-3.3.1\code\irrXMLWrapper.h(95,1): warning C4267: “初始化”: 从“size_t”转换到“unsigned int”，可能丢失数据 (编译源文件 D:\graph\assimp-3.3.1\code\ColladaParser.cpp)
D:\graph\assimp-3.3.1\code\irrXMLWrapper.h(120,1): warning C4267: “=”: 从“size_t”转换到“int”，可能丢失数据 (编译源文件 D:\graph\assimp-3.3.1\code\ColladaParser.cpp)
D:\graph\assimp-3.3.1\code\BVHLoader.cpp(240,47): warning C4267: “=”: 从“size_t”转换到“unsigned int”，可能丢失数据
D:\graph\assimp-3.3.1\code\BVHLoader.cpp(446,39): warning C4267: “=”: 从“size_t”转换到“unsigned int”，可能丢失数据
D:\graph\assimp-3.3.1\code\B3DImporter.cpp(334,28): warning C4267: “初始化”: 从“size_t”转换到“int”，可能丢失数据
D:\graph\assimp-3.3.1\code\B3DImporter.cpp(407,28): warning C4267: “初始化”: 从“size_t”转换到“int”，可能丢失数据
D:\graph\assimp-3.3.1\code\B3DImporter.cpp(465,48): warning C4267: “=”: 从“size_t”转换到“unsigned int”，可能丢失数据
D:\graph\assimp-3.3.1\code\B3DImporter.cpp(470,47): warning C4267: “=”: 从“size_t”转换到“unsigned int”，可能丢失数据
D:\graph\assimp-3.3.1\code\B3DImporter.cpp(475,46): warning C4267: “=”: 从“size_t”转换到“unsigned int”，可能丢失数据
D:\graph\assimp-3.3.1\code\B3DImporter.cpp(509,29): warning C4267: “初始化”: 从“size_t”转换到“int”，可能丢失数据
D:\graph\assimp-3.3.1\code\B3DImporter.cpp(524,33): warning C4267: “初始化”: 从“size_t”转换到“int”，可能丢失数据
D:\graph\assimp-3.3.1\code\B3DImporter.cpp(547,35): warning C4267: “=”: 从“size_t”转换到“unsigned int”，可能丢失数据
D:\graph\assimp-3.3.1\code\B3DImporter.cpp(550,39): warning C4267: “=”: 从“size_t”转换到“unsigned int”，可能丢失数据
D:\graph\assimp-3.3.1\code\B3DImporter.cpp(648,49): warning C4267: “=”: 从“size_t”转换到“unsigned int”，可能丢失数据
D:\graph\assimp-3.3.1\code\B3DImporter.cpp(658,41): warning C4267: “=”: 从“size_t”转换到“unsigned int”，可能丢失数据
D:\graph\assimp-3.3.1\code\B3DImporter.cpp(670,43): warning C4267: “=”: 从“size_t”转换到“unsigned int”，可能丢失数据
D:\graph\assimp-3.3.1\code\B3DImporter.cpp(674,37): warning C4267: “=”: 从“size_t”转换到“unsigned int”，可能丢失数据
D:\graph\assimp-3.3.1\code\B3DImporter.cpp(681,45): warning C4267: “=”: 从“size_t”转换到“unsigned int”，可能丢失数据
D:\graph\assimp-3.3.1\code\B3DImporter.cpp(684,49): warning C4267: “=”: 从“size_t”转换到“unsigned int”，可能丢失数据
  HMPLoader.cpp
D:\graph\assimp-3.3.1\code\ColladaExporter.cpp(526,75): warning C4267: “参数”: 从“size_t”转换到“unsigned int”，可能丢失数据
D:\graph\assimp-3.3.1\code\DXFLoader.cpp(226,47): warning C4267: “+=”: 从“size_t”转换到“unsigned int”，可能丢失数据
D:\graph\assimp-3.3.1\code\DXFLoader.cpp(227,44): warning C4267: “+=”: 从“size_t”转换到“unsigned int”，可能丢失数据
D:\graph\assimp-3.3.1\code\ColladaExporter.cpp(814,11): warning C4267: “参数”: 从“size_t”转换到“unsigned int”，可能丢失数据
D:\graph\assimp-3.3.1\code\ColladaExporter.cpp(824,11): warning C4267: “参数”: 从“size_t”转换到“unsigned int”，可能丢失数据
D:\graph\assimp-3.3.1\code\ColladaExporter.cpp(836,11): warning C4267: “参数”: 从“size_t”转换到“unsigned int”，可能丢失数据
D:\graph\assimp-3.3.1\code\ColladaExporter.cpp(841,11): warning C4267: “参数”: 从“size_t”转换到“unsigned int”，可能丢失数据
D:\graph\assimp-3.3.1\code\ColladaExporter.cpp(886,15): warning C4267: “参数”: 从“size_t”转换到“unsigned int”，可能丢失数据
D:\graph\assimp-3.3.1\code\DXFLoader.cpp(299,39): warning C4267: “+=”: 从“size_t”转换到“unsigned int”，可能丢失数据
D:\graph\assimp-3.3.1\code\ColladaLoader.cpp(243,66): warning C4267: “=”: 从“size_t”转换到“unsigned int”，可能丢失数据
D:\graph\assimp-3.3.1\code\DXFLoader.cpp(708,59): warning C4267: “参数”: 从“size_t”转换到“_Ty”，可能丢失数据
          with
          [
              _Ty=unsigned int
          ]
D:\graph\assimp-3.3.1\code\DXFLoader.cpp(909,53): warning C4267: “参数”: 从“size_t”转换到“_Ty”，可能丢失数据
          with
          [
              _Ty=unsigned int
          ]
D:\graph\assimp-3.3.1\code\ColladaExporter.cpp(1116,11): warning C4267: “参数”: 从“size_t”转换到“unsigned int”，可能丢失数据
D:\graph\assimp-3.3.1\code\ColladaLoader.cpp(509,39): warning C4267: “=”: 从“size_t”转换到“unsigned int”，可能丢失数据
D:\graph\assimp-3.3.1\code\ColladaLoader.cpp(556,45): warning C4267: “=”: 从“size_t”转换到“unsigned int”，可能丢失数据
D:\graph\assimp-3.3.1\code\ColladaLoader.cpp(578,40): warning C4267: “=”: 从“size_t”转换到“unsigned int”，可能丢失数据
D:\graph\assimp-3.3.1\code\ColladaLoader.cpp(637,44): warning C4267: “=”: 从“size_t”转换到“unsigned int”，可能丢失数据
D:\graph\assimp-3.3.1\code\ColladaLoader.cpp(643,29): warning C4267: “=”: 从“size_t”转换到“unsigned int”，可能丢失数据
D:\graph\assimp-3.3.1\code\ColladaLoader.cpp(646,40): warning C4267: “=”: 从“size_t”转换到“unsigned int”，可能丢失数据
D:\graph\assimp-3.3.1\code\ColladaParser.cpp(2538,29): warning C4267: “参数”: 从“size_t”转换到“unsigned int”，可能丢失数据
D:\graph\assimp-3.3.1\code\ColladaLoader.cpp(713,51): warning C4267: “=”: 从“size_t”转换到“unsigned int”，可能丢失数据
D:\graph\assimp-3.3.1\code\ColladaLoader.cpp(727,47): warning C4267: “=”: 从“size_t”转换到“unsigned int”，可能丢失数据
D:\graph\assimp-3.3.1\code\ColladaLoader.cpp(751,51): warning C4267: “=”: 从“size_t”转换到“unsigned int”，可能丢失数据
D:\graph\assimp-3.3.1\code\ColladaLoader.cpp(801,40): warning C4267: “=”: 从“size_t”转换到“unsigned int”，可能丢失数据
D:\graph\assimp-3.3.1\code\ColladaLoader.cpp(814,42): warning C4267: “=”: 从“size_t”转换到“unsigned int”，可能丢失数据
D:\graph\assimp-3.3.1\code\ColladaLoader.cpp(827,40): warning C4267: “=”: 从“size_t”转换到“unsigned int”，可能丢失数据
D:\graph\assimp-3.3.1\code\ColladaLoader.cpp(840,44): warning C4267: “=”: 从“size_t”转换到“unsigned int”，可能丢失数据
D:\graph\assimp-3.3.1\code\ColladaLoader.cpp(853,43): warning C4267: “=”: 从“size_t”转换到“unsigned int”，可能丢失数据
D:\graph\assimp-3.3.1\code\ColladaLoader.cpp(894,77): warning C4267: “=”: 从“size_t”转换到“unsigned int”，可能丢失数据
D:\graph\assimp-3.3.1\code\ColladaLoader.cpp(926,47): warning C4267: “=”: 从“size_t”转换到“unsigned int”，可能丢失数据
D:\graph\assimp-3.3.1\code\CSMLoader.cpp(182,55): warning C4267: “=”: 从“size_t”转换到“unsigned int”，可能丢失数据
D:\graph\assimp-3.3.1\code\ColladaLoader.cpp(1210,58): warning C4267: “=”: 从“size_t”转换到“unsigned int”，可能丢失数据
D:\graph\assimp-3.3.1\code\ColladaLoader.cpp(1211,57): warning C4267: “=”: 从“size_t”转换到“unsigned int”，可能丢失数据
D:\graph\assimp-3.3.1\code\ColladaLoader.cpp(1212,57): warning C4267: “=”: 从“size_t”转换到“unsigned int”，可能丢失数据
D:\graph\assimp-3.3.1\code\ColladaLoader.cpp(1240,42): warning C4267: “=”: 从“size_t”转换到“unsigned int”，可能丢失数据
D:\graph\assimp-3.3.1\code\ColladaLoader.cpp(1523,53): warning C4267: “=”: 从“size_t”转换到“unsigned int”，可能丢失数据
D:\graph\assimp-3.3.1\code\ColladaLoader.cpp(1529,82): warning C4267: “参数”: 从“size_t”转换到“int32_t”，可能丢失数据
  IRRMeshLoader.cpp
  IRRShared.cpp
  IRRLoader.cpp
  LWOAnimation.cpp
  LWOBLoader.cpp
D:\graph\assimp-3.3.1\code\irrXMLWrapper.h(95,1): warning C4267: “初始化”: 从“size_t”转换到“unsigned int”，可能丢失数据 (编译源文件 D:\graph\assimp-3.3.1\code\IRRMeshLoader.cpp)
D:\graph\assimp-3.3.1\code\irrXMLWrapper.h(120,1): warning C4267: “=”: 从“size_t”转换到“int”，可能丢失数据 (编译源文件 D:\graph\assimp-3.3.1\code\IRRMeshLoader.cpp)
D:\graph\assimp-3.3.1\code\irrXMLWrapper.h(95,1): warning C4267: “初始化”: 从“size_t”转换到“unsigned int”，可能丢失数据 (编译源文件 D:\graph\assimp-3.3.1\code\IRRShared.cpp)
D:\graph\assimp-3.3.1\code\irrXMLWrapper.h(120,1): warning C4267: “=”: 从“size_t”转换到“int”，可能丢失数据 (编译源文件 D:\graph\assimp-3.3.1\code\IRRShared.cpp)
D:\graph\assimp-3.3.1\code\irrXMLWrapper.h(95,1): warning C4267: “初始化”: 从“size_t”转换到“unsigned int”，可能丢失数据 (编译源文件 D:\graph\assimp-3.3.1\code\IRRLoader.cpp)
D:\graph\assimp-3.3.1\code\irrXMLWrapper.h(120,1): warning C4267: “=”: 从“size_t”转换到“int”，可能丢失数据 (编译源文件 D:\graph\assimp-3.3.1\code\IRRLoader.cpp)
C:\Program Files (x86)\Microsoft Visual Studio\2019\Community\VC\Tools\MSVC\14.28.29333\include\xutility(4393,1): warning C4267: “=”: 从“size_t”转换到“unsigned int”，可能丢失数据 (编译源文件 D:\graph\assimp-3.3.1\code\ColladaLoader.cpp)
C:\Program Files (x86)\Microsoft Visual Studio\2019\Community\VC\Tools\MSVC\14.28.29333\include\xutility(4429): message : 查看对正在编译的函数 模板 实例化“_OutIt std::_Copy_unchecked<unsigned __int64*,_OutIt>(_InIt,_InIt,_OutIt)”的引用
          with
          [
              _OutIt=unsigned int *,
              _InIt=unsigned __int64 *
          ] (编译源文件 D:\graph\assimp-3.3.1\code\ColladaLoader.cpp)
D:\graph\assimp-3.3.1\code\ColladaLoader.cpp(560): message : 查看对正在编译的函数 模板 实例化“_OutIt *std::copy<std::_Vector_iterator<std::_Vector_val<std::_Simple_types<_Ty>>>,unsigned int*>(_InIt,_InIt,_OutIt)”的引用
          with
          [
              _OutIt=unsigned int *,
              _Ty=size_t,
              _InIt=std::_Vector_iterator<std::_Vector_val<std::_Simple_types<size_t>>>
          ]
  LWOLoader.cpp
C:\Program Files (x86)\Microsoft Visual Studio\2019\Community\VC\Tools\MSVC\14.28.29333\include\numeric(35,1): warning C4267: “=”: 从“size_t”转换到“_Ty”，可能丢失数据
          with
          [
              _Ty=int
          ] (编译源文件 D:\graph\assimp-3.3.1\code\ColladaLoader.cpp)
C:\Program Files (x86)\Microsoft Visual Studio\2019\Community\VC\Tools\MSVC\14.28.29333\include\numeric(44): message : 查看对正在编译的函数 模板 实例化“_Ty std::accumulate<_InIt,_Ty,std::plus<void>>(const _InIt,const _InIt,_Ty,_Fn)”的引用
          with
          [
              _Ty=int,
              _InIt=std::_Vector_const_iterator<std::_Vector_val<std::_Simple_types<size_t>>>,
              _Fn=std::plus<void>
          ] (编译源文件 D:\graph\assimp-3.3.1\code\ColladaLoader.cpp)
D:\graph\assimp-3.3.1\code\ColladaLoader.cpp(575): message : 查看对正在编译的函数 模板 实例化“_Ty std::accumulate<std::_Vector_const_iterator<std::_Vector_val<std::_Simple_types<unsigned __int64>>>,int>(const _InIt,const _InIt,_Ty)”的引用
          with
          [
              _Ty=int,
              _InIt=std::_Vector_const_iterator<std::_Vector_val<std::_Simple_types<size_t>>>
          ]
D:\graph\assimp-3.3.1\code\LWOAnimation.cpp(568,85): warning C4267: “=”: 从“size_t”转换到“unsigned int”，可能丢失数据
D:\graph\assimp-3.3.1\code\LWOAnimation.cpp(577,83): warning C4267: “=”: 从“size_t”转换到“unsigned int”，可能丢失数据
D:\graph\assimp-3.3.1\code\LWOAnimation.cpp(597,83): warning C4267: “=”: 从“size_t”转换到“unsigned int”，可能丢失数据
D:\graph\assimp-3.3.1\code\IRRLoader.cpp(218,56): warning C4267: “=”: 从“size_t”转换到“unsigned int”，可能丢失数据
D:\graph\assimp-3.3.1\code\IRRLoader.cpp(226,56): warning C4267: “=”: 从“size_t”转换到“unsigned int”，可能丢失数据
D:\graph\assimp-3.3.1\code\IRRLoader.cpp(234,56): warning C4267: “=”: 从“size_t”转换到“unsigned int”，可能丢失数据
D:\graph\assimp-3.3.1\code\IRRLoader.cpp(242,56): warning C4267: “=”: 从“size_t”转换到“unsigned int”，可能丢失数据
D:\graph\assimp-3.3.1\code\IRRLoader.cpp(250,56): warning C4267: “=”: 从“size_t”转换到“unsigned int”，可能丢失数据
D:\graph\assimp-3.3.1\code\IRRLoader.cpp(258,56): warning C4267: “=”: 从“size_t”转换到“unsigned int”，可能丢失数据
  LWOMaterial.cpp
D:\graph\assimp-3.3.1\code\IRRLoader.cpp(644,40): warning C4267: “=”: 从“size_t”转换到“unsigned int”，可能丢失数据
  LWSLoader.cpp
  MD2Loader.cpp
  MD3Loader.cpp
  MD5Loader.cpp
D:\graph\assimp-3.3.1\code\LWOLoader.cpp(429,56): warning C4267: “初始化”: 从“size_t”转换到“unsigned int”，可能丢失数据
  MD5Parser.cpp
  MDCLoader.cpp
D:\graph\assimp-3.3.1\code\MD5Loader.cpp(231,57): warning C4267: “初始化”: 从“size_t”转换到“unsigned int”，可能丢失数据
D:\graph\assimp-3.3.1\code\MD5Loader.cpp(231,57): warning C4267: “初始化”: 从“size_t”转换到“const unsigned int”，可能丢失数据
D:\graph\assimp-3.3.1\code\MD5Loader.cpp(232,54): warning C4267: “初始化”: 从“size_t”转换到“unsigned int”，可能丢失数据
  MDLLoader.cpp
D:\graph\assimp-3.3.1\code\MD5Loader.cpp(722,39): warning C4267: “参数”: 从“size_t”转换到“_Ty”，可能丢失数据
          with
          [
              _Ty=unsigned int
          ]
D:\graph\assimp-3.3.1\code\MD5Loader.cpp(728,43): warning C4267: “参数”: 从“size_t”转换到“_Ty”，可能丢失数据
          with
          [
              _Ty=unsigned int
          ]
D:\graph\assimp-3.3.1\code\MD5Loader.cpp(731,43): warning C4267: “=”: 从“size_t”转换到“unsigned int”，可能丢失数据
D:\graph\assimp-3.3.1\code\MD3Loader.cpp(712,12): warning C4267: “参数”: 从“size_t”转换到“unsigned int”，可能丢失数据
D:\graph\assimp-3.3.1\code\LWSLoader.cpp(905,76): warning C4267: “=”: 从“size_t”转换到“unsigned int”，可能丢失数据
  MDLMaterialLoader.cpp
  NFFLoader.cpp
  NDOLoader.cpp
  OFFLoader.cpp
  ObjFileImporter.cpp
  ObjFileMtlImporter.cpp
  ObjFileParser.cpp
D:\graph\assimp-3.3.1\code\NDOLoader.cpp(260,84): warning C4267: “=”: 从“size_t”转换到“unsigned int”，可能丢失数据
D:\graph\assimp-3.3.1\code\NDOLoader.cpp(281,52): warning C4267: “参数”: 从“size_t”转换到“_Ty”，可能丢失数据
          with
          [
              _Ty=unsigned int
          ]
D:\graph\assimp-3.3.1\code\NDOLoader.cpp(290,73): warning C4267: “=”: 从“size_t”转换到“unsigned int”，可能丢失数据
D:\graph\assimp-3.3.1\code\NDOLoader.cpp(294,78): warning C4267: “=”: 从“size_t”转换到“unsigned int”，可能丢失数据
D:\graph\assimp-3.3.1\code\ObjFileImporter.cpp(153,84): warning C4267: “初始化”: 从“size_t”转换到“unsigned int”，可能丢失数据
D:\graph\assimp-3.3.1\code\ObjFileImporter.cpp(153,84): warning C4267: “初始化”: 从“size_t”转换到“const unsigned int”，可能丢失数据
D:\graph\assimp-3.3.1\code\ObjFileImporter.cpp(327,61): warning C4267: “+=”: 从“size_t”转换到“unsigned int”，可能丢失数据
D:\graph\assimp-3.3.1\code\ObjFileImporter.cpp(330,57): warning C4267: “+=”: 从“size_t”转换到“unsigned int”，可能丢失数据
  ObjExporter.cpp
  OgreImporter.cpp
  OgreStructs.cpp
  OgreBinarySerializer.cpp
D:\graph\assimp-3.3.1\code\ObjFileMtlImporter.cpp(310,8): warning C4267: “参数”: 从“size_t”转换到“unsigned int”，可能丢失数据
D:\graph\assimp-3.3.1\code\ObjFileMtlImporter.cpp(314,15): warning C4267: “参数”: 从“size_t”转换到“unsigned int”，可能丢失数据
D:\graph\assimp-3.3.1\code\ObjFileMtlImporter.cpp(318,15): warning C4267: “参数”: 从“size_t”转换到“unsigned int”，可能丢失数据
D:\graph\assimp-3.3.1\code\ObjFileMtlImporter.cpp(322,15): warning C4267: “参数”: 从“size_t”转换到“unsigned int”，可能丢失数据
D:\graph\assimp-3.3.1\code\ObjFileMtlImporter.cpp(326,15): warning C4267: “参数”: 从“size_t”转换到“unsigned int”，可能丢失数据
D:\graph\assimp-3.3.1\code\ObjFileMtlImporter.cpp(330,15): warning C4267: “参数”: 从“size_t”转换到“unsigned int”，可能丢失数据
D:\graph\assimp-3.3.1\code\ObjFileMtlImporter.cpp(334,15): warning C4267: “参数”: 从“size_t”转换到“unsigned int”，可能丢失数据
D:\graph\assimp-3.3.1\code\ObjFileMtlImporter.cpp(335,1): warning C4267: “参数”: 从“size_t”转换到“unsigned int”，可能丢失数据
D:\graph\assimp-3.3.1\code\ObjFileMtlImporter.cpp(336,1): warning C4267: “参数”: 从“size_t”转换到“unsigned int”，可能丢失数据
D:\graph\assimp-3.3.1\code\ObjFileMtlImporter.cpp(340,15): warning C4267: “参数”: 从“size_t”转换到“unsigned int”，可能丢失数据
D:\graph\assimp-3.3.1\code\ObjFileMtlImporter.cpp(344,14): warning C4267: “参数”: 从“size_t”转换到“unsigned int”，可能丢失数据
D:\graph\assimp-3.3.1\code\ObjFileMtlImporter.cpp(348,15): warning C4267: “参数”: 从“size_t”转换到“unsigned int”，可能丢失数据
D:\graph\assimp-3.3.1\code\ObjFileMtlImporter.cpp(352,15): warning C4267: “参数”: 从“size_t”转换到“unsigned int”，可能丢失数据
D:\graph\assimp-3.3.1\code\ObjFileMtlImporter.cpp(397,12): warning C4267: “参数”: 从“size_t”转换到“unsigned int”，可能丢失数据
D:\graph\assimp-3.3.1\code\ObjFileMtlImporter.cpp(409,16): warning C4267: “参数”: 从“size_t”转换到“unsigned int”，可能丢失数据
D:\graph\assimp-3.3.1\code\ObjFileMtlImporter.cpp(452,17): warning C4267: “参数”: 从“size_t”转换到“unsigned int”，可能丢失数据
D:\graph\assimp-3.3.1\code\ObjFileMtlImporter.cpp(453,1): warning C4267: “参数”: 从“size_t”转换到“unsigned int”，可能丢失数据
D:\graph\assimp-3.3.1\code\ObjFileMtlImporter.cpp(454,1): warning C4267: “参数”: 从“size_t”转换到“unsigned int”，可能丢失数据
D:\graph\assimp-3.3.1\code\ObjFileMtlImporter.cpp(455,1): warning C4267: “参数”: 从“size_t”转换到“unsigned int”，可能丢失数据
D:\graph\assimp-3.3.1\code\ObjFileMtlImporter.cpp(456,1): warning C4267: “参数”: 从“size_t”转换到“unsigned int”，可能丢失数据
D:\graph\assimp-3.3.1\code\ObjFileMtlImporter.cpp(457,1): warning C4267: “参数”: 从“size_t”转换到“unsigned int”，可能丢失数据
D:\graph\assimp-3.3.1\code\ObjFileMtlImporter.cpp(461,17): warning C4267: “参数”: 从“size_t”转换到“unsigned int”，可能丢失数据
D:\graph\assimp-3.3.1\code\ObjFileMtlImporter.cpp(465,17): warning C4267: “参数”: 从“size_t”转换到“unsigned int”，可能丢失数据
D:\graph\assimp-3.3.1\code\ObjFileMtlImporter.cpp(466,1): warning C4267: “参数”: 从“size_t”转换到“unsigned int”，可能丢失数据
D:\graph\assimp-3.3.1\code\ObjFileMtlImporter.cpp(467,1): warning C4267: “参数”: 从“size_t”转换到“unsigned int”，可能丢失数据
  OgreXmlSerializer.cpp
  OgreMaterial.cpp
D:\graph\assimp-3.3.1\code\ObjFileParser.cpp(114,54): warning C4244: “初始化”: 从“__int64”转换到“unsigned int”，可能丢失数据
D:\graph\assimp-3.3.1\code\ObjFileParser.cpp(114,39): warning C4244: “初始化”: 从“__int64”转换到“const unsigned int”，可能丢失数据
D:\graph\assimp-3.3.1\code\ObjFileParser.cpp(124,57): warning C4244: “+=”: 从“__int64”转换到“unsigned int”，可能丢失数据
D:\graph\assimp-3.3.1\code\ObjFileParser.cpp(385,50): warning C4267: “初始化”: 从“size_t”转换到“int”，可能丢失数据
D:\graph\assimp-3.3.1\code\ObjFileParser.cpp(385,50): warning C4267: “初始化”: 从“size_t”转换到“const int”，可能丢失数据
D:\graph\assimp-3.3.1\code\ObjFileParser.cpp(386,55): warning C4267: “初始化”: 从“size_t”转换到“int”，可能丢失数据
D:\graph\assimp-3.3.1\code\ObjFileParser.cpp(386,55): warning C4267: “初始化”: 从“size_t”转换到“const int”，可能丢失数据
D:\graph\assimp-3.3.1\code\ObjFileParser.cpp(387,50): warning C4267: “初始化”: 从“size_t”转换到“int”，可能丢失数据
D:\graph\assimp-3.3.1\code\ObjFileParser.cpp(387,50): warning C4267: “初始化”: 从“size_t”转换到“const int”，可能丢失数据
D:\graph\assimp-3.3.1\code\ObjFileParser.cpp(812,54): warning C4267: “初始化”: 从“size_t”转换到“unsigned int”，可能丢失数据
D:\graph\assimp-3.3.1\code\irrXMLWrapper.h(95,1): warning C4267: “初始化”: 从“size_t”转换到“unsigned int”，可能丢失数据 (编译源文件 D:\graph\assimp-3.3.1\code\OgreImporter.cpp)
D:\graph\assimp-3.3.1\code\irrXMLWrapper.h(120,1): warning C4267: “=”: 从“size_t”转换到“int”，可能丢失数据 (编译源文件 D:\graph\assimp-3.3.1\code\OgreImporter.cpp)
  OpenGEXExporter.cpp
D:\graph\assimp-3.3.1\code\irrXMLWrapper.h(95,1): warning C4267: “初始化”: 从“size_t”转换到“unsigned int”，可能丢失数据 (编译源文件 D:\graph\assimp-3.3.1\code\OgreBinarySerializer.cpp)
D:\graph\assimp-3.3.1\code\irrXMLWrapper.h(120,1): warning C4267: “=”: 从“size_t”转换到“int”，可能丢失数据 (编译源文件 D:\graph\assimp-3.3.1\code\OgreBinarySerializer.cpp)
D:\graph\assimp-3.3.1\code\OgreStructs.cpp(277,72): warning C4267: “参数”: 从“size_t”转换到“const unsigned int”，可能丢失数据
D:\graph\assimp-3.3.1\code\OgreStructs.cpp(282,66): warning C4267: “参数”: 从“size_t”转换到“unsigned int”，可能丢失数据
D:\graph\assimp-3.3.1\code\OgreStructs.cpp(322,35): warning C4267: “+=”: 从“size_t”转换到“uint32_t”，可能丢失数据
D:\graph\assimp-3.3.1\code\OgreStructs.cpp(463,38): warning C4267: “=”: 从“size_t”转换到“unsigned int”，可能丢失数据
D:\graph\assimp-3.3.1\code\OgreStructs.cpp(474,40): warning C4267: “=”: 从“size_t”转换到“unsigned int”，可能丢失数据
D:\graph\assimp-3.3.1\code\OgreStructs.cpp(484,61): warning C4267: “=”: 从“size_t”转换到“unsigned int”，可能丢失数据
D:\graph\assimp-3.3.1\code\OgreStructs.cpp(496,63): warning C4267: “=”: 从“size_t”转换到“unsigned int”，可能丢失数据
D:\graph\assimp-3.3.1\code\OgreStructs.cpp(575,43): warning C4267: “=”: 从“size_t”转换到“unsigned int”，可能丢失数据
D:\graph\assimp-3.3.1\code\OgreStructs.cpp(607,69): warning C4267: “=”: 从“size_t”转换到“unsigned int”，可能丢失数据
D:\graph\assimp-3.3.1\code\OgreStructs.cpp(620,69): warning C4267: “=”: 从“size_t”转换到“unsigned int”，可能丢失数据
D:\graph\assimp-3.3.1\code\OgreStructs.cpp(668,40): warning C4267: “=”: 从“size_t”转换到“unsigned int”，可能丢失数据
D:\graph\assimp-3.3.1\code\OgreStructs.cpp(672,60): warning C4267: “参数”: 从“size_t”转换到“uint32_t”，可能丢失数据
D:\graph\assimp-3.3.1\code\OgreStructs.cpp(707,49): warning C4267: “=”: 从“size_t”转换到“unsigned int”，可能丢失数据
D:\graph\assimp-3.3.1\code\OgreStructs.cpp(761,38): warning C4267: “=”: 从“size_t”转换到“unsigned int”，可能丢失数据
D:\graph\assimp-3.3.1\code\OgreStructs.cpp(773,40): warning C4267: “=”: 从“size_t”转换到“unsigned int”，可能丢失数据
D:\graph\assimp-3.3.1\code\OgreStructs.cpp(783,61): warning C4267: “=”: 从“size_t”转换到“unsigned int”，可能丢失数据
D:\graph\assimp-3.3.1\code\OgreStructs.cpp(795,63): warning C4267: “=”: 从“size_t”转换到“unsigned int”，可能丢失数据
D:\graph\assimp-3.3.1\code\OgreStructs.cpp(843,43): warning C4267: “=”: 从“size_t”转换到“unsigned int”，可能丢失数据
D:\graph\assimp-3.3.1\code\OgreStructs.cpp(878,40): warning C4267: “=”: 从“size_t”转换到“unsigned int”，可能丢失数据
D:\graph\assimp-3.3.1\code\OgreStructs.cpp(882,60): warning C4267: “参数”: 从“size_t”转换到“uint32_t”，可能丢失数据
D:\graph\assimp-3.3.1\code\OgreStructs.cpp(907,49): warning C4267: “=”: 从“size_t”转换到“unsigned int”，可能丢失数据
D:\graph\assimp-3.3.1\code\OgreStructs.cpp(961,43): warning C4267: “=”: 从“size_t”转换到“unsigned int”，可能丢失数据
D:\graph\assimp-3.3.1\code\OgreStructs.cpp(1102,45): warning C4267: “=”: 从“size_t”转换到“unsigned int”，可能丢失数据
D:\graph\assimp-3.3.1\code\OgreStructs.cpp(1125,47): warning C4267: “=”: 从“size_t”转换到“unsigned int”，可能丢失数据
D:\graph\assimp-3.3.1\code\OgreStructs.cpp(1161,46): warning C4267: “=”: 从“size_t”转换到“unsigned int”，可能丢失数据
D:\graph\assimp-3.3.1\code\OgreStructs.cpp(1162,46): warning C4267: “=”: 从“size_t”转换到“unsigned int”，可能丢失数据
D:\graph\assimp-3.3.1\code\OgreStructs.cpp(1163,46): warning C4267: “=”: 从“size_t”转换到“unsigned int”，可能丢失数据
D:\graph\assimp-3.3.1\code\irrXMLWrapper.h(95,1): warning C4267: “初始化”: 从“size_t”转换到“unsigned int”，可能丢失数据 (编译源文件 D:\graph\assimp-3.3.1\code\OgreXmlSerializer.cpp)
D:\graph\assimp-3.3.1\code\irrXMLWrapper.h(120,1): warning C4267: “=”: 从“size_t”转换到“int”，可能丢失数据 (编译源文件 D:\graph\assimp-3.3.1\code\OgreXmlSerializer.cpp)
  OpenGEXImporter.cpp
D:\graph\assimp-3.3.1\code\OgreBinarySerializer.cpp(486,44): warning C4267: “=”: 从“size_t”转换到“unsigned int”，可能丢失数据
  PlyLoader.cpp
D:\graph\assimp-3.3.1\code\OgreXmlSerializer.cpp(626,44): warning C4267: “=”: 从“size_t”转换到“unsigned int”，可能丢失数据
  PlyParser.cpp
D:\graph\assimp-3.3.1\code\OgreMaterial.cpp(80,58): warning C4267: “=”: 从“size_t”转换到“int”，可能丢失数据
D:\graph\assimp-3.3.1\code\OgreMaterial.cpp(96,49): warning C4267: “参数”: 从“size_t”转换到“uint16_t”，可能丢失数据
D:\graph\assimp-3.3.1\code\OgreMaterial.cpp(102,58): warning C4267: “=”: 从“size_t”转换到“int”，可能丢失数据
D:\graph\assimp-3.3.1\code\OgreMaterial.cpp(113,45): warning C4267: “=”: 从“size_t”转换到“unsigned int”，可能丢失数据
  PlyExporter.cpp
D:\graph\assimp-3.3.1\code\OpenGEXImporter.cpp(519,55): warning C4267: “=”: 从“size_t”转换到“unsigned int”，可能丢失数据
D:\graph\assimp-3.3.1\code\OpenGEXImporter.cpp(834,40): warning C4267: “=”: 从“size_t”转换到“unsigned int”，可能丢失数据
D:\graph\assimp-3.3.1\code\OpenGEXImporter.cpp(836,47): warning C4267: “=”: 从“size_t”转换到“unsigned int”，可能丢失数据
D:\graph\assimp-3.3.1\code\OpenGEXImporter.cpp(1048,44): warning C4267: “=”: 从“size_t”转换到“unsigned int”，可能丢失数据
D:\graph\assimp-3.3.1\code\OpenGEXImporter.cpp(1061,47): warning C4267: “=”: 从“size_t”转换到“unsigned int”，可能丢失数据
D:\graph\assimp-3.3.1\code\OpenGEXImporter.cpp(1074,45): warning C4267: “=”: 从“size_t”转换到“unsigned int”，可能丢失数据
D:\graph\assimp-3.3.1\code\OpenGEXImporter.cpp(1095,69): warning C4267: “初始化”: 从“size_t”转换到“unsigned int”，可能丢失数据
D:\graph\assimp-3.3.1\code\OpenGEXImporter.cpp(1118,64): warning C4267: “=”: 从“size_t”转换到“unsigned int”，可能丢失数据
  MS3DLoader.cpp
  COBLoader.cpp
  BlenderLoader.cpp
  BlenderDNA.cpp
  BlenderScene.cpp
  BlenderModifier.cpp
D:\graph\assimp-3.3.1\code\MS3DLoader.cpp(426,43): warning C4267: “=”: 从“size_t”转换到“unsigned int”，可能丢失数据
D:\graph\assimp-3.3.1\code\MS3DLoader.cpp(486,65): warning C4267: “=”: 从“size_t”转换到“unsigned int”，可能丢失数据
  BlenderBMesh.cpp
  BlenderTessellator.cpp
D:\graph\assimp-3.3.1\code\COBLoader.cpp(184,59): warning C4267: “+=”: 从“size_t”转换到“unsigned int”，可能丢失数据
  IFCLoader.cpp
D:\graph\assimp-3.3.1\code\BlenderLoader.cpp(424,87): warning C4267: “参数”: 从“size_t”转换到“int32_t”，可能丢失数据
D:\graph\assimp-3.3.1\code\BlenderLoader.cpp(1230,47): warning C4267: “=”: 从“size_t”转换到“unsigned int”，可能丢失数据
D:\graph\assimp-3.3.1\contrib\poly2tri\poly2tri\sweep\sweep_context.h(161,24): warning C4267: “return”: 从“size_t”转换到“int”，可能丢失数据 (编译源文件 D:\graph\assimp-3.3.1\code\BlenderBMesh.cpp)
D:\graph\assimp-3.3.1\code\BlenderBMesh.cpp(183,46): warning C4267: “=”: 从“size_t”转换到“int”，可能丢失数据
D:\graph\assimp-3.3.1\contrib\poly2tri\poly2tri\sweep\sweep_context.h(161,24): warning C4267: “return”: 从“size_t”转换到“int”，可能丢失数据 (编译源文件 D:\graph\assimp-3.3.1\code\BlenderTessellator.cpp)
D:\graph\assimp-3.3.1\code\BlenderTessellator.cpp(419,48): warning C4267: “参数”: 从“size_t”转换到“unsigned int”，可能丢失数据
D:\graph\assimp-3.3.1\code\BlenderTessellator.cpp(436,23): warning C4267: “参数”: 从“size_t”转换到“unsigned int”，可能丢失数据
D:\graph\assimp-3.3.1\code\BlenderTessellator.cpp(436,39): warning C4267: “参数”: 从“size_t”转换到“unsigned int”，可能丢失数据
  IFCUtil.cpp
  IFCGeometry.cpp
  IFCMaterial.cpp
  IFCProfile.cpp
  IFCCurve.cpp
  IFCBoolean.cpp
D:\graph\assimp-3.3.1\code\IFCBoolean.cpp(1,1): warning C4819: 该文件包含不能在当前代码页(936)中表示的字符。请将该文件保存为 Unicode 格式以防止数据丢失
  IFCOpenings.cpp
D:\graph\assimp-3.3.1\code\IFCLoader.cpp(711,53): warning C4267: “=”: 从“size_t”转换到“unsigned int”，可能丢失数据
D:\graph\assimp-3.3.1\code\IFCUtil.cpp(183,65): warning C4267: “参数”: 从“size_t”转换到“int”，可能丢失数据
D:\graph\assimp-3.3.1\code\IFCUtil.cpp(551,14): warning C4267: “参数”: 从“size_t”转换到“unsigned int”，可能丢失数据
D:\graph\assimp-3.3.1\code\IFCUtil.cpp(567,14): warning C4267: “参数”: 从“size_t”转换到“unsigned int”，可能丢失数据
D:\graph\assimp-3.3.1\contrib\poly2tri\poly2tri\sweep\sweep_context.h(161,24): warning C4267: “return”: 从“size_t”转换到“int”，可能丢失数据 (编译源文件 D:\graph\assimp-3.3.1\code\IFCGeometry.cpp)
D:\graph\assimp-3.3.1\code\../contrib/clipper/clipper.hpp(1,1): warning C4819: 该文件包含不能在当前代码页(936)中表示的字符。请将该文件保存为 Unicode 格式以防止数据丢失 (编译源文件 D:\graph\assimp-3.3.1\code\IFCGeometry.cpp)
D:\graph\assimp-3.3.1\code\IFCGeometry.cpp(73,34): warning C4267: “参数”: 从“size_t”转换到“const _Ty”，可能丢失数据
          with
          [
              _Ty=unsigned int
          ]
D:\graph\assimp-3.3.1\code\IFCProfile.cpp(62,51): warning C4267: “参数”: 从“size_t”转换到“_Ty”，可能丢失数据
          with
          [
              _Ty=unsigned int
          ]
D:\graph\assimp-3.3.1\code\IFCGeometry.cpp(183,46): warning C4267: “参数”: 从“size_t”转换到“const _Ty”，可能丢失数据
          with
          [
              _Ty=unsigned int
          ]
D:\graph\assimp-3.3.1\code\IFCProfile.cpp(83,55): warning C4267: “参数”: 从“size_t”转换到“_Ty”，可能丢失数据
          with
          [
              _Ty=unsigned int
          ]
D:\graph\assimp-3.3.1\code\IFCGeometry.cpp(308,38): warning C4267: “参数”: 从“size_t”转换到“const _Ty”，可能丢失数据
          with
          [
              _Ty=unsigned int
          ]
D:\graph\assimp-3.3.1\code\IFCGeometry.cpp(309,38): warning C4267: “参数”: 从“size_t”转换到“const _Ty”，可能丢失数据
          with
          [
              _Ty=unsigned int
          ]
D:\graph\assimp-3.3.1\code\IFCGeometry.cpp(641,48): warning C4267: “参数”: 从“size_t”转换到“_Ty”，可能丢失数据
          with
          [
              _Ty=unsigned int
          ]
D:\graph\assimp-3.3.1\code\IFCGeometry.cpp(668,47): warning C4267: “参数”: 从“size_t”转换到“_Ty”，可能丢失数据
          with
          [
              _Ty=unsigned int
          ]
D:\graph\assimp-3.3.1\code\IFCMaterial.cpp(162,74): warning C4267: “初始化”: 从“size_t”转换到“unsigned int”，可能丢失数据
D:\graph\assimp-3.3.1\code\IFCGeometry.cpp(813,50): warning C4267: “参数”: 从“size_t”转换到“_Ty”，可能丢失数据
          with
          [
              _Ty=unsigned int
          ]
D:\graph\assimp-3.3.1\code\IFCGeometry.cpp(832,30): warning C4267: “=”: 从“size_t”转换到“unsigned int”，可能丢失数据
D:\graph\assimp-3.3.1\code\IFCBoolean.cpp(112,65): warning C4267: “参数”: 从“size_t”转换到“unsigned int”，可能丢失数据
D:\graph\assimp-3.3.1\code\IFCBoolean.cpp(135,51): warning C4267: “参数”: 从“size_t”转换到“_Ty”，可能丢失数据
          with
          [
              _Ty=unsigned int
          ]
D:\graph\assimp-3.3.1\code\IFCBoolean.cpp(592,58): warning C4267: “参数”: 从“size_t”转换到“_Ty”，可能丢失数据
          with
          [
              _Ty=unsigned int
          ]
D:\graph\assimp-3.3.1\contrib\poly2tri\poly2tri\sweep\sweep_context.h(161,24): warning C4267: “return”: 从“size_t”转换到“int”，可能丢失数据 (编译源文件 D:\graph\assimp-3.3.1\code\IFCOpenings.cpp)
D:\graph\assimp-3.3.1\code\../contrib/clipper/clipper.hpp(1,1): warning C4819: 该文件包含不能在当前代码页(936)中表示的字符。请将该文件保存为 Unicode 格式以防止数据丢失 (编译源文件 D:\graph\assimp-3.3.1\code\IFCOpenings.cpp)
  STEPFileReader.cpp
D:\graph\assimp-3.3.1\code\IFCOpenings.cpp(367,52): warning C4267: “参数”: 从“size_t”转换到“const _Ty”，可能丢失数据
          with
          [
              _Ty=unsigned int
          ]
D:\graph\assimp-3.3.1\code\IFCOpenings.cpp(552,51): warning C4267: “参数”: 从“size_t”转换到“_Ty”，可能丢失数据
          with
          [
              _Ty=unsigned int
          ]
  STEPFileEncoding.cpp
  XGLLoader.cpp
  FBXImporter.cpp
  FBXParser.cpp
D:\graph\assimp-3.3.1\code\irrXMLWrapper.h(95,1): warning C4267: “初始化”: 从“size_t”转换到“unsigned int”，可能丢失数据 (编译源文件 D:\graph\assimp-3.3.1\code\XGLLoader.cpp)
D:\graph\assimp-3.3.1\code\irrXMLWrapper.h(120,1): warning C4267: “=”: 从“size_t”转换到“int”，可能丢失数据 (编译源文件 D:\graph\assimp-3.3.1\code\XGLLoader.cpp)
  FBXTokenizer.cpp
  FBXConverter.cpp
D:\graph\assimp-3.3.1\code\XGLLoader.cpp(711,47): warning C4267: “return”: 从“size_t”转换到“unsigned int”，可能丢失数据
  FBXUtil.cpp
D:\graph\assimp-3.3.1\code\FBXImporter.cpp(168,56): warning C4267: “参数”: 从“size_t”转换到“unsigned int”，可能丢失数据
D:\graph\assimp-3.3.1\code\FBXParser.cpp(586,40): warning C4267: “=”: 从“size_t”转换到“uInt”，可能丢失数据
  FBXDocument.cpp
  FBXProperties.cpp
  FBXMeshGeometry.cpp
  FBXMaterial.cpp
  FBXModel.cpp
D:\graph\assimp-3.3.1\code\FBXConverter.cpp(1079,73): warning C4267: “=”: 从“size_t”转换到“unsigned int”，可能丢失数据
  FBXAnimation.cpp
D:\graph\assimp-3.3.1\code\FBXConverter.cpp(2956,54): warning C4267: “初始化”: 从“size_t”转换到“int”，可能丢失数据
D:\graph\assimp-3.3.1\code\FBXConverter.cpp(2956,54): warning C4267: “初始化”: 从“size_t”转换到“const int”，可能丢失数据
  FBXNodeAttribute.cpp
  FBXDeformer.cpp
  FBXBinaryTokenizer.cpp
  FBXDocumentUtil.cpp
  Q3DLoader.cpp
  Q3BSPFileParser.cpp
  Q3BSPFileImporter.cpp
  Q3BSPZipArchive.cpp
  RawLoader.cpp
  SIBImporter.cpp
D:\graph\assimp-3.3.1\code\Q3BSPZipArchive.cpp(76,41): warning C4267: “return”: 从“size_t”转换到“uLong”，可能丢失数据
D:\graph\assimp-3.3.1\code\Q3BSPZipArchive.cpp(82,42): warning C4267: “return”: 从“size_t”转换到“uLong”，可能丢失数据
D:\graph\assimp-3.3.1\code\Q3BSPZipArchive.cpp(88,29): warning C4267: “return”: 从“size_t”转换到“long”，可能丢失数据
  SMDLoader.cpp
  STLLoader.cpp
D:\graph\assimp-3.3.1\code\Q3BSPFileImporter.cpp(342,45): warning C4267: “=”: 从“size_t”转换到“unsigned int”，可能丢失数据
D:\graph\assimp-3.3.1\code\Q3BSPFileImporter.cpp(349,50): warning C4267: “=”: 从“size_t”转换到“unsigned int”，可能丢失数据
D:\graph\assimp-3.3.1\code\Q3BSPFileImporter.cpp(376,36): warning C4267: “=”: 从“size_t”转换到“unsigned int”，可能丢失数据
D:\graph\assimp-3.3.1\code\Q3BSPFileImporter.cpp(378,35): warning C4267: “=”: 从“size_t”转换到“unsigned int”，可能丢失数据
D:\graph\assimp-3.3.1\code\Q3BSPFileImporter.cpp(527,44): warning C4267: “=”: 从“size_t”转换到“unsigned int”，可能丢失数据
D:\graph\assimp-3.3.1\code\Q3BSPFileImporter.cpp(661,39): warning C4267: “=”: 从“size_t”转换到“unsigned int”，可能丢失数据
D:\graph\assimp-3.3.1\code\SMDLoader.cpp(1,1): warning C4819: 该文件包含不能在当前代码页(936)中表示的字符。请将该文件保存为 Unicode 格式以防止数据丢失
D:\graph\assimp-3.3.1\code\Q3BSPFileImporter.cpp(675,88): warning C4267: “参数”: 从“size_t”转换到“int32_t”，可能丢失数据
D:\graph\assimp-3.3.1\code\Q3BSPFileImporter.cpp(733,81): warning C4267: “参数”: 从“size_t”转换到“int32_t”，可能丢失数据
  STLExporter.cpp
  TerragenLoader.cpp
D:\graph\assimp-3.3.1\code\SIBImporter.cpp(134,45): warning C4267: “=”: 从“size_t”转换到“unsigned int”，可能丢失数据
D:\graph\assimp-3.3.1\code\SIBImporter.cpp(247,40): warning C4267: “参数”: 从“size_t”转换到“_Ty”，可能丢失数据
          with
          [
              _Ty=uint32_t
          ]
D:\graph\assimp-3.3.1\code\SIBImporter.cpp(388,37): warning C4267: “=”: 从“size_t”转换到“uint32_t”，可能丢失数据
D:\graph\assimp-3.3.1\code\SIBImporter.cpp(390,37): warning C4267: “=”: 从“size_t”转换到“uint32_t”，可能丢失数据
D:\graph\assimp-3.3.1\code\SIBImporter.cpp(499,87): warning C4267: “参数”: 从“size_t”转换到“uint32_t”，可能丢失数据
D:\graph\assimp-3.3.1\code\SIBImporter.cpp(589,39): warning C4267: “=”: 从“size_t”转换到“unsigned int”，可能丢失数据
D:\graph\assimp-3.3.1\code\SIBImporter.cpp(624,43): warning C4267: “=”: 从“size_t”转换到“unsigned int”，可能丢失数据
D:\graph\assimp-3.3.1\code\SIBImporter.cpp(626,44): warning C4267: “=”: 从“size_t”转换到“unsigned int”，可能丢失数据
D:\graph\assimp-3.3.1\code\SIBImporter.cpp(631,33): warning C4267: “=”: 从“size_t”转换到“unsigned int”，可能丢失数据
D:\graph\assimp-3.3.1\code\SIBImporter.cpp(865,44): warning C4267: “=”: 从“size_t”转换到“unsigned int”，可能丢失数据
D:\graph\assimp-3.3.1\code\SIBImporter.cpp(866,43): warning C4267: “=”: 从“size_t”转换到“unsigned int”，可能丢失数据
D:\graph\assimp-3.3.1\code\SIBImporter.cpp(867,43): warning C4267: “=”: 从“size_t”转换到“unsigned int”，可能丢失数据
D:\graph\assimp-3.3.1\code\SIBImporter.cpp(882,61): warning C4267: “=”: 从“size_t”转换到“unsigned int”，可能丢失数据
D:\graph\assimp-3.3.1\code\SIBImporter.cpp(896,41): warning C4267: “=”: 从“size_t”转换到“unsigned int”，可能丢失数据
D:\graph\assimp-3.3.1\code\SIBImporter.cpp(899,47): warning C4267: “=”: 从“size_t”转换到“unsigned int”，可能丢失数据
  UnrealLoader.cpp
  XFileImporter.cpp
D:\graph\assimp-3.3.1\code\STLLoader.cpp(249,37): warning C4244: “参数”: 从“__int64”转换到“unsigned int”，可能丢失数据
D:\graph\assimp-3.3.1\code\STLLoader.cpp(371,53): warning C4267: “=”: 从“size_t”转换到“unsigned int”，可能丢失数据
D:\graph\assimp-3.3.1\code\STLLoader.cpp(372,52): warning C4267: “=”: 从“size_t”转换到“unsigned int”，可能丢失数据
  XFileParser.cpp
  XFileExporter.cpp
  glTFImporter.cpp
  glTFExporter.cpp
D:\graph\assimp-3.3.1\code\UnrealLoader.cpp(336,44): warning C4267: “=”: 从“size_t”转换到“unsigned int”，可能丢失数据
  D3MFImporter.cpp
D:\graph\assimp-3.3.1\code\XFileImporter.cpp(289,68): warning C4267: “=”: 从“size_t”转换到“unsigned int”，可能丢失数据
  D3MFOpcPackage.cpp
  irrXML.cpp
D:\graph\assimp-3.3.1\contrib\irrXML\irrString.h(1,1): warning C4819: 该文件包含不能在当前代码页(936)中表示的字符。请将该文件保存为 Unicode 格式以防止数据丢失 (编译源文件 D:\graph\assimp-3.3.1\contrib\irrXML\irrXML.cpp)
D:\graph\assimp-3.3.1\code\irrXMLWrapper.h(95,1): warning C4267: “初始化”: 从“size_t”转换到“unsigned int”，可能丢失数据 (编译源文件 D:\graph\assimp-3.3.1\code\D3MFOpcPackage.cpp)
D:\graph\assimp-3.3.1\code\irrXMLWrapper.h(120,1): warning C4267: “=”: 从“size_t”转换到“int”，可能丢失数据 (编译源文件 D:\graph\assimp-3.3.1\code\D3MFOpcPackage.cpp)
D:\graph\assimp-3.3.1\code\irrXMLWrapper.h(95,1): warning C4267: “初始化”: 从“size_t”转换到“unsigned int”，可能丢失数据 (编译源文件 D:\graph\assimp-3.3.1\code\D3MFImporter.cpp)
D:\graph\assimp-3.3.1\code\irrXMLWrapper.h(120,1): warning C4267: “=”: 从“size_t”转换到“int”，可能丢失数据 (编译源文件 D:\graph\assimp-3.3.1\code\D3MFImporter.cpp)
D:\graph\assimp-3.3.1\code\D3MFOpcPackage.cpp(130,41): warning C4267: “return”: 从“size_t”转换到“uLong”，可能丢失数据
D:\graph\assimp-3.3.1\code\D3MFOpcPackage.cpp(136,42): warning C4267: “return”: 从“size_t”转换到“uLong”，可能丢失数据
D:\graph\assimp-3.3.1\code\D3MFOpcPackage.cpp(142,29): warning C4267: “return”: 从“size_t”转换到“long”，可能丢失数据
  shapes.cc
D:\graph\assimp-3.3.1\code\D3MFImporter.cpp(161,1): warning C4267: “初始化”: 从“size_t”转换到“unsigned long”，可能丢失数据
  advancing_front.cc
  cdt.cc
  sweep.cc
  sweep_context.cc
D:\graph\assimp-3.3.1\contrib\poly2tri\poly2tri\sweep\sweep_context.h(161,24): warning C4267: “return”: 从“size_t”转换到“int”，可能丢失数据 (编译源文件 D:\graph\assimp-3.3.1\contrib\poly2tri\poly2tri\sweep\sweep.cc)
D:\graph\assimp-3.3.1\contrib\poly2tri\poly2tri\sweep\sweep_context.h(161,24): warning C4267: “return”: 从“size_t”转换到“int”，可能丢失数据 (编译源文件 D:\graph\assimp-3.3.1\contrib\poly2tri\poly2tri\sweep\sweep_context.cc)
  clipper.cpp
D:\graph\assimp-3.3.1\contrib\poly2tri\poly2tri\sweep\sweep_context.h(161,24): warning C4267: “return”: 从“size_t”转换到“int”，可能丢失数据 (编译源文件 D:\graph\assimp-3.3.1\contrib\poly2tri\poly2tri\sweep\cdt.cc)
  OpenDDLParser.cpp
D:\graph\assimp-3.3.1\contrib\clipper\clipper.cpp(1,1): warning C4819: 该文件包含不能在当前代码页(936)中表示的字符。请将该文件保存为 Unicode 格式以防止数据丢失
D:\graph\assimp-3.3.1\contrib\clipper\clipper.hpp(1,1): warning C4819: 该文件包含不能在当前代码页(936)中表示的字符。请将该文件保存为 Unicode 格式以防止数据丢失 (编译源文件 D:\graph\assimp-3.3.1\contrib\clipper\clipper.cpp)
D:\graph\assimp-3.3.1\contrib\poly2tri\poly2tri\sweep\sweep_context.cc(99,35): warning C4267: “初始化”: 从“size_t”转换到“int”，可能丢失数据
  DDLNode.cpp
  OpenDDLCommon.cpp
  OpenDDLExport.cpp
  Value.cpp
D:\graph\assimp-3.3.1\contrib\openddlparser\code\OpenDDLExport.cpp(283,26): warning C4477: “sprintf”: 格式字符串“%d”需要类型“int”的参数，但可变参数 1 拥有了类型“size_t”
D:\graph\assimp-3.3.1\contrib\openddlparser\code\OpenDDLExport.cpp(283,26): message : 请考虑在格式字符串中使用“%zd”
  IFCReaderGen.cpp
  ConvertUTF.c
  ioapi.c
  unzip.c
    正在创建库 D:/graph/assimpBuild/code/Debug/assimp-vc140-mt.lib 和对象 D:/graph/assimpBuild/code/Debug/assimp-vc140-mt.exp
  assimp.vcxproj -> D:\graph\assimpBuild\code\Debug\assimp-vc140-mt.dll
